0 info it worked if it ends with ok
1 verbose cli [ '/home/oatkiller/.nvm/versions/node/v6.10.3/bin/node',
1 verbose cli   '/home/oatkiller/.nvm/versions/node/v6.10.3/bin/npm',
1 verbose cli   'start' ]
2 info using npm@3.10.10
3 info using node@v6.10.3
4 verbose run-script [ 'prestart', 'start', 'poststart' ]
5 info lifecycle 1@1.0.0~prestart: 1@1.0.0
6 silly lifecycle 1@1.0.0~prestart: no script for prestart, continuing
7 info lifecycle 1@1.0.0~start: 1@1.0.0
8 verbose lifecycle 1@1.0.0~start: unsafe-perm in lifecycle true
9 verbose lifecycle 1@1.0.0~start: PATH: /home/oatkiller/.nvm/versions/node/v6.10.3/lib/node_modules/npm/bin/node-gyp-bin:/home/oatkiller/stem-2018/databases/1/node_modules/.bin:/home/oatkiller/bin:/home/oatkiller/.local/bin:/home/oatkiller/.nvm/versions/node/v6.10.3/bin:/usr/local/sbin:/usr/local/bin:/usr/sbin:/usr/bin:/sbin:/bin:/usr/games:/usr/local/games:/mnt/c/ProgramData/Oracle/Java/javapath_target_51633406:/mnt/c/Python27:/mnt/c/Python27/Scripts:/mnt/c/Program Files (x86)/Intel/iCLS Client:/mnt/c/Program Files/Intel/iCLS Client:/mnt/c/Windows/System32:/mnt/c/Windows:/mnt/c/Windows/System32/wbem:/mnt/c/Windows/System32/WindowsPowerShell/v1.0:/mnt/c/Program Files (x86)/Intel/Intel(R) Management Engine Components/DAL:/mnt/c/Program Files/Intel/Intel(R) Management Engine Components/DAL:/mnt/c/Program Files (x86)/Intel/Intel(R) Management Engine Components/IPT:/mnt/c/Program Files/Intel/Intel(R) Management Engine Components/IPT:/mnt/c/Program Files (x86)/NVIDIA Corporation/PhysX/Common:/mnt/c/Windows/System32:/mnt/c/Windows:/mnt/c/Windows/System32/wbem:/mnt/c/Windows/System32/WindowsPowerShell/v1.0:/mnt/c/ProgramData/chocolatey/bin:/mnt/c/Program Files/Git/cmd:/mnt/c/Program Files (x86)/vim/vim80:/mnt/c/Program Files/nodejs:/mnt/c/Program Files (x86)/Yarn/bin:/mnt/c/Users/raustin/AppData/Local/Microsoft/WindowsApps:/mnt/c/Program Files/Microsoft VS Code/bin:/mnt/c/Users/raustin/AppData/Roaming/npm:/home/oatkiller/gopath/bin:/snap/bin:/home/oatkiller/gopath/bin
10 verbose lifecycle 1@1.0.0~start: CWD: /home/oatkiller/stem-2018/databases/1
11 silly lifecycle 1@1.0.0~start: Args: [ '-c', 'node best_color_site.js' ]
12 silly lifecycle 1@1.0.0~start: Returned: code: 1  signal: null
13 info lifecycle 1@1.0.0~start: Failed to exec start script
14 verbose stack Error: 1@1.0.0 start: `node best_color_site.js`
14 verbose stack Exit status 1
14 verbose stack     at EventEmitter.<anonymous> (/home/oatkiller/.nvm/versions/node/v6.10.3/lib/node_modules/npm/lib/utils/lifecycle.js:255:16)
14 verbose stack     at emitTwo (events.js:106:13)
14 verbose stack     at EventEmitter.emit (events.js:191:7)
14 verbose stack     at ChildProcess.<anonymous> (/home/oatkiller/.nvm/versions/node/v6.10.3/lib/node_modules/npm/lib/utils/spawn.js:40:14)
14 verbose stack     at emitTwo (events.js:106:13)
14 verbose stack     at ChildProcess.emit (events.js:191:7)
14 verbose stack     at maybeClose (internal/child_process.js:886:16)
14 verbose stack     at Process.ChildProcess._handle.onexit (internal/child_process.js:226:5)
15 verbose pkgid 1@1.0.0
16 verbose cwd /home/oatkiller/stem-2018/databases/1
17 error Linux 4.4.0-43-Microsoft
18 error argv "/home/oatkiller/.nvm/versions/node/v6.10.3/bin/node" "/home/oatkiller/.nvm/versions/node/v6.10.3/bin/npm" "start"
19 error node v6.10.3
20 error npm  v3.10.10
21 error code ELIFECYCLE
22 error 1@1.0.0 start: `node best_color_site.js`
22 error Exit status 1
23 error Failed at the 1@1.0.0 start script 'node best_color_site.js'.
23 error Make sure you have the latest version of node.js and npm installed.
23 error If you do, this is most likely a problem with the 1 package,
23 error not with npm itself.
23 error Tell the author that this fails on your system:
23 error     node best_color_site.js
23 error You can get information on how to open an issue for this project with:
23 error     npm bugs 1
23 error Or if that isn't available, you can get their info via:
23 error     npm owner ls 1
23 error There is likely additional logging output above.
24 verbose exit [ 1, true ]
